<?xml version="1.0" encoding="UTF-8"?>
<!-- Generated by org.testng.reporters.JUnitXMLReporter -->
<testsuite ignored="0" hostname="Siddhatechs-MacBook-ProTejaswini.local" failures="0" tests="2" name="Default test" time="194.695" errors="0" timestamp="2025-01-12T19:12:59 IST">
  <testcase classname="io.cucumber.testng.AbstractTestNGCucumberTests" name="runScenario" time="3.898"/>
  <testcase classname="io.cucumber.testng.AbstractTestNGCucumberTests" name="runScenario" time="189.739"/>
</testsuite> <!-- Default test -->
