<?xml version="1.0" encoding="UTF-8"?>
<testsuite xmlns:xsi="http://www.w3.org/2001/XMLSchema-instance" xsi:noNamespaceSchemaLocation="https://maven.apache.org/surefire/maven-surefire-plugin/xsd/surefire-test-report-3.0.xsd" version="3.0" name="TestSuite" time="21.159" tests="2" errors="0" skipped="0" failures="0">
  <properties>
[...]
</properties>
  <testcase name="testBpiEndPoint" classname="Automation.CoinDeskAPITest" time="3.287">
    <system-out><![CDATA[...
... TestNG 7.10.2 by Cédric Beust (cedric@beust.com)
...

]]></system-out>
    <system-err><![CDATA[SLF4J(W): No SLF4J providers were found.
SLF4J(W): Defaulting to no-operation (NOP) logger implementation
SLF4J(W): See https://www.slf4j.org/codes.html#noProviders for further details.
]]></system-err>
  </testcase>
  <testcase name="verifyItemCanBeAddedToCart" classname="Automation.AddToCartTest" time="14.892">
    <system-out><![CDATA[Clicking on the first result: 1611 King James Bible 1st Edition
Opens in a new window or tab
Free Shipping within the United States!
$99.00
Buy It Now
+$90.19 delivery
from United States
525 sold
Sponsored
Save up to 20% when you buy more
discountbible (2,244) 99.4%
Clicking on the first result with ID: item2f98917eb5
]]></system-out>
    <system-err><![CDATA[Jan 09, 2025 5:07:53 PM org.openqa.selenium.devtools.CdpVersionFinder findNearestMatch
WARNING: Unable to find an exact match for CDP version 131, returning the closest version; found: 129; Please update to a Selenium version that supports CDP version 131
]]></system-err>
  </testcase>
</testsuite>