<?xml version="1.0" encoding="UTF-8"?>
<testng-results ignored="0" total="2" passed="2" failed="0" skipped="0">
  <reporter-output>
  </reporter-output>
  <suite started-at="2025-01-12T19:09:45 IST" name="Default suite" finished-at="2025-01-12T19:12:59 IST" duration-ms="194695">
    <groups>
      <group name="cucumber">
        <method signature="AbstractTestNGCucumberTests.runScenario(io.cucumber.testng.PickleWrapper,io.cucumber.testng.FeatureWrapper)[pri:0, instance:Runners.TestRunner@23e84203]" name="runScenario" class="io.cucumber.testng.AbstractTestNGCucumberTests"/>
      </group> <!-- cucumber -->
    </groups>
    <test started-at="2025-01-12T19:09:45 IST" name="Default test" finished-at="2025-01-12T19:12:59 IST" duration-ms="194695">
      <class name="Runners.TestRunner">
        <test-method is-config="true" signature="setUpClass(org.testng.ITestContext)[pri:0, instance:Runners.TestRunner@23e84203]" started-at="2025-01-12T19:09:45 IST" name="setUpClass" finished-at="2025-01-12T19:09:46 IST" duration-ms="870" status="PASS">
          <params>
            <param index="0">
              <value>
                <![CDATA[org.testng.TestRunner@186f7434]]>
              </value>
            </param>
          </params>
          <reporter-output>
          </reporter-output>
        </test-method> <!-- setUpClass -->
        <test-method signature="runScenario(io.cucumber.testng.PickleWrapper,io.cucumber.testng.FeatureWrapper)[pri:0, instance:Runners.TestRunner@23e84203]" started-at="2025-01-12T19:09:46 IST" name="runScenario" description="Runs Cucumber Scenarios" data-provider="scenarios" finished-at="2025-01-12T19:09:50 IST" duration-ms="3898" status="PASS">
          <params>
            <param index="0">
              <value>
                <![CDATA["Calling Coin Desk API and Validating response contents"]]>
              </value>
            </param>
            <param index="1">
              <value>
                <![CDATA["Coin Desk API Interactions"]]>
              </value>
            </param>
          </params>
          <reporter-output>
          </reporter-output>
        </test-method> <!-- runScenario -->
        <test-method signature="runScenario(io.cucumber.testng.PickleWrapper,io.cucumber.testng.FeatureWrapper)[pri:0, instance:Runners.TestRunner@23e84203]" started-at="2025-01-12T19:09:50 IST" name="runScenario" description="Runs Cucumber Scenarios" data-provider="scenarios" finished-at="2025-01-12T19:12:59 IST" duration-ms="189739" status="PASS">
          <params>
            <param index="0">
              <value>
                <![CDATA["Verify item addition to cart"]]>
              </value>
            </param>
            <param index="1">
              <value>
                <![CDATA["Add cart functionality for eBAY"]]>
              </value>
            </param>
          </params>
          <reporter-output>
          </reporter-output>
        </test-method> <!-- runScenario -->
        <test-method is-config="true" signature="tearDownClass()[pri:0, instance:Runners.TestRunner@23e84203]" started-at="2025-01-12T19:12:59 IST" name="tearDownClass" finished-at="2025-01-12T19:12:59 IST" duration-ms="60" status="PASS">
          <reporter-output>
          </reporter-output>
        </test-method> <!-- tearDownClass -->
      </class> <!-- Runners.TestRunner -->
    </test> <!-- Default test -->
  </suite> <!-- Default suite -->
</testng-results>
